<?xml version="1.0" encoding="UTF-8"?>
<coverage generated="1618156289566" clover="3.2.0">
  <project timestamp="1618156289566" name="All files">
    <metrics statements="2" coveredstatements="0" conditionals="0" coveredconditionals="0" methods="1" coveredmethods="0" elements="3" coveredelements="0" complexity="0" loc="2" ncloc="2" packages="3" files="3" classes="3"/>
    <package name="functions.get-product-by-id">
      <metrics statements="0" coveredstatements="0" conditionals="0" coveredconditionals="0" methods="0" coveredmethods="0"/>
      <file name="index.ts" path="C:\Users\Andrii_Veldymanov\Documents\projects\epam_projects\study\nodejs-aws\tile-shop\tile-shop-be\product-service\src\functions\get-product-by-id\index.ts">
        <metrics statements="0" coveredstatements="0" conditionals="0" coveredconditionals="0" methods="0" coveredmethods="0"/>
      </file>
    </package>
    <package name="functions.get-products-list">
      <metrics statements="0" coveredstatements="0" conditionals="0" coveredconditionals="0" methods="0" coveredmethods="0"/>
      <file name="index.ts" path="C:\Users\Andrii_Veldymanov\Documents\projects\epam_projects\study\nodejs-aws\tile-shop\tile-shop-be\product-service\src\functions\get-products-list\index.ts">
        <metrics statements="0" coveredstatements="0" conditionals="0" coveredconditionals="0" methods="0" coveredmethods="0"/>
      </file>
    </package>
    <package name="libs">
      <metrics statements="2" coveredstatements="0" conditionals="0" coveredconditionals="0" methods="1" coveredmethods="0"/>
      <file name="lambda.ts" path="C:\Users\Andrii_Veldymanov\Documents\projects\epam_projects\study\nodejs-aws\tile-shop\tile-shop-be\product-service\src\libs\lambda.ts">
        <metrics statements="2" coveredstatements="0" conditionals="0" coveredconditionals="0" methods="1" coveredmethods="0"/>
        <line num="4" count="0" type="stmt"/>
        <line num="5" count="0" type="stmt"/>
      </file>
    </package>
  </project>
</coverage>
