{"C:\\Users\\Andrii_Veldymanov\\Documents\\projects\\epam_projects\\study\\nodejs-aws\\tile-shop\\tile-shop-be\\product-service\\src\\functions\\get-product-by-id\\index.ts": {"path":"C:\\Users\\Andrii_Veldymanov\\Documents\\projects\\epam_projects\\study\\nodejs-aws\\tile-shop\\tile-shop-be\\product-service\\src\\functions\\get-product-by-id\\index.ts","statementMap":{},"fnMap":{},"branchMap":{},"s":{},"f":{},"b":{}}
,"C:\\Users\\Andrii_Veldymanov\\Documents\\projects\\epam_projects\\study\\nodejs-aws\\tile-shop\\tile-shop-be\\product-service\\src\\functions\\get-products-list\\index.ts": {"path":"C:\\Users\\Andrii_Veldymanov\\Documents\\projects\\epam_projects\\study\\nodejs-aws\\tile-shop\\tile-shop-be\\product-service\\src\\functions\\get-products-list\\index.ts","statementMap":{},"fnMap":{},"branchMap":{},"s":{},"f":{},"b":{}}
,"C:\\Users\\Andrii_Veldymanov\\Documents\\projects\\epam_projects\\study\\nodejs-aws\\tile-shop\\tile-shop-be\\product-service\\src\\libs\\lambda.ts": {"path":"C:\\Users\\Andrii_Veldymanov\\Documents\\projects\\epam_projects\\study\\nodejs-aws\\tile-shop\\tile-shop-be\\product-service\\src\\libs\\lambda.ts","statementMap":{"0":{"start":{"line":4,"column":23},"end":{"line":6,"column":1}},"1":{"start":{"line":5,"column":2},"end":{"line":5,"column":50}}},"fnMap":{"0":{"name":"(anonymous_0)","decl":{"start":{"line":4,"column":23},"end":{"line":4,"column":24}},"loc":{"start":{"line":4,"column":36},"end":{"line":6,"column":1}},"line":4}},"branchMap":{},"s":{"0":0,"1":0},"f":{"0":0},"b":{}}
}
